2025-04-10 09:23:08,191 INFO Not configure type of control plugin, no limit control for current node.

2025-04-10 09:23:08,209 INFO Load connection metrics collector,size=2,[com.alibaba.nacos.config.server.service.LongPollingConnectionMetricsCollector@27305e6, com.alibaba.nacos.core.remote.LongConnectionMetricsCollector@502f1f4c]

2025-04-10 09:23:08,212 INFO No connection rule content found ,use default empty rule 

2025-04-10 09:23:08,225 INFO No tps control rule of CONFIG_PUSH_COUNT found,content =null  

2025-04-10 09:23:08,226 WARN Tps point for CONFIG_PUSH_COUNT registered, But tps control manager is no limit implementation.

2025-04-10 09:23:08,229 INFO No tps control rule of CONFIG_PUSH_SUCCESS found,content =null  

2025-04-10 09:23:08,229 WARN Tps point for CONFIG_PUSH_SUCCESS registered, But tps control manager is no limit implementation.

2025-04-10 09:23:08,230 INFO No tps control rule of CONFIG_PUSH_FAIL found,content =null  

2025-04-10 09:23:08,231 WARN Tps point for CONFIG_PUSH_FAIL registered, But tps control manager is no limit implementation.

2025-04-10 09:23:12,535 INFO No tps control rule of ConfigQuery found,content =null  

2025-04-10 09:23:12,536 WARN Tps point for ConfigQuery registered, But tps control manager is no limit implementation.

2025-04-10 09:23:12,537 INFO No tps control rule of ClusterConfigChangeNotify found,content =null  

2025-04-10 09:23:12,538 WARN Tps point for ClusterConfigChangeNotify registered, But tps control manager is no limit implementation.

2025-04-10 09:23:12,555 INFO No tps control rule of ConfigListen found,content =null  

2025-04-10 09:23:12,556 WARN Tps point for ConfigListen registered, But tps control manager is no limit implementation.

2025-04-10 09:23:12,556 INFO No tps control rule of ConfigRemove found,content =null  

2025-04-10 09:23:12,557 WARN Tps point for ConfigRemove registered, But tps control manager is no limit implementation.

2025-04-10 09:23:12,558 INFO No tps control rule of ConfigPublish found,content =null  

2025-04-10 09:23:12,558 WARN Tps point for ConfigPublish registered, But tps control manager is no limit implementation.

2025-04-10 09:23:12,559 INFO No tps control rule of HealthCheck found,content =null  

2025-04-10 09:23:12,559 WARN Tps point for HealthCheck registered, But tps control manager is no limit implementation.

2025-04-10 09:23:12,560 INFO No tps control rule of RemoteNamingServiceQuery found,content =null  

2025-04-10 09:23:12,560 WARN Tps point for RemoteNamingServiceQuery registered, But tps control manager is no limit implementation.

2025-04-10 09:23:12,561 INFO No tps control rule of RemoteNamingInstanceBatchRegister found,content =null  

2025-04-10 09:23:12,562 WARN Tps point for RemoteNamingInstanceBatchRegister registered, But tps control manager is no limit implementation.

2025-04-10 09:23:12,562 INFO No tps control rule of RemoteNamingInstanceRegisterDeregister found,content =null  

2025-04-10 09:23:12,563 WARN Tps point for RemoteNamingInstanceRegisterDeregister registered, But tps control manager is no limit implementation.

2025-04-10 09:23:12,563 INFO No tps control rule of RemoteNamingServiceListQuery found,content =null  

2025-04-10 09:23:12,564 WARN Tps point for RemoteNamingServiceListQuery registered, But tps control manager is no limit implementation.

2025-04-10 09:23:12,564 INFO No tps control rule of RemoteNamingServiceSubscribeUnSubscribe found,content =null  

2025-04-10 09:23:12,565 WARN Tps point for RemoteNamingServiceSubscribeUnSubscribe registered, But tps control manager is no limit implementation.

2025-04-10 09:23:12,565 WARN Tps point for RemoteNamingInstanceRegisterDeregister registered, But tps control manager is no limit implementation.

2025-04-10 09:23:12,566 WARN Tps point for ConfigQuery registered, But tps control manager is no limit implementation.

2025-04-10 09:23:12,567 INFO No tps control rule of NamingInstanceMetadataUpdate found,content =null  

2025-04-10 09:23:12,568 WARN Tps point for NamingInstanceMetadataUpdate registered, But tps control manager is no limit implementation.

2025-04-10 09:23:12,569 INFO No tps control rule of NamingInstanceQuery found,content =null  

2025-04-10 09:23:12,570 WARN Tps point for NamingInstanceQuery registered, But tps control manager is no limit implementation.

2025-04-10 09:23:12,570 INFO No tps control rule of NamingInstanceDeregister found,content =null  

2025-04-10 09:23:12,571 WARN Tps point for NamingInstanceDeregister registered, But tps control manager is no limit implementation.

2025-04-10 09:23:12,571 INFO No tps control rule of NamingInstanceUpdate found,content =null  

2025-04-10 09:23:12,572 WARN Tps point for NamingInstanceUpdate registered, But tps control manager is no limit implementation.

2025-04-10 09:23:12,572 INFO No tps control rule of NamingServiceListQuery found,content =null  

2025-04-10 09:23:12,574 WARN Tps point for NamingServiceListQuery registered, But tps control manager is no limit implementation.

2025-04-10 09:23:12,574 WARN Tps point for NamingInstanceDeregister registered, But tps control manager is no limit implementation.

2025-04-10 09:23:12,575 INFO No tps control rule of NamingInstanceRegister found,content =null  

2025-04-10 09:23:12,575 WARN Tps point for NamingInstanceRegister registered, But tps control manager is no limit implementation.

2025-04-10 09:23:12,575 WARN Tps point for NamingInstanceMetadataUpdate registered, But tps control manager is no limit implementation.

2025-04-10 09:23:12,576 WARN Tps point for NamingServiceListQuery registered, But tps control manager is no limit implementation.

2025-04-10 09:23:12,576 WARN Tps point for NamingInstanceMetadataUpdate registered, But tps control manager is no limit implementation.

2025-04-10 09:23:12,577 WARN Tps point for NamingInstanceQuery registered, But tps control manager is no limit implementation.

2025-04-10 09:23:12,577 INFO No tps control rule of HttpHealthCheck found,content =null  

2025-04-10 09:23:12,578 WARN Tps point for HttpHealthCheck registered, But tps control manager is no limit implementation.

2025-04-10 09:23:12,578 WARN Tps point for NamingInstanceMetadataUpdate registered, But tps control manager is no limit implementation.

2025-04-10 09:23:12,580 INFO No tps control rule of NamingServiceRegister found,content =null  

2025-04-10 09:23:12,580 WARN Tps point for NamingServiceRegister registered, But tps control manager is no limit implementation.

2025-04-10 09:23:12,581 INFO No tps control rule of NamingServiceUpdate found,content =null  

2025-04-10 09:23:12,581 WARN Tps point for NamingServiceUpdate registered, But tps control manager is no limit implementation.

2025-04-10 09:23:12,582 WARN Tps point for NamingInstanceRegister registered, But tps control manager is no limit implementation.

2025-04-10 09:23:12,582 INFO No tps control rule of NamingServiceDeregister found,content =null  

2025-04-10 09:23:12,583 WARN Tps point for NamingServiceDeregister registered, But tps control manager is no limit implementation.

2025-04-10 09:23:12,583 INFO No tps control rule of NamingServiceQuery found,content =null  

2025-04-10 09:23:12,584 WARN Tps point for NamingServiceQuery registered, But tps control manager is no limit implementation.

2025-04-10 09:23:12,584 INFO No tps control rule of NamingServiceSubscribe found,content =null  

2025-04-10 09:23:12,584 WARN Tps point for NamingServiceSubscribe registered, But tps control manager is no limit implementation.

2025-04-10 09:23:12,585 WARN Tps point for NamingServiceDeregister registered, But tps control manager is no limit implementation.

2025-04-10 09:23:12,586 WARN Tps point for NamingServiceQuery registered, But tps control manager is no limit implementation.

2025-04-10 09:23:12,586 WARN Tps point for NamingServiceUpdate registered, But tps control manager is no limit implementation.

2025-04-10 09:23:12,587 WARN Tps point for HttpHealthCheck registered, But tps control manager is no limit implementation.

2025-04-10 09:23:12,587 WARN Tps point for NamingServiceRegister registered, But tps control manager is no limit implementation.

2025-04-10 09:23:12,588 WARN Tps point for NamingInstanceUpdate registered, But tps control manager is no limit implementation.

2025-04-10 09:23:12,588 WARN Tps point for ConfigPublish registered, But tps control manager is no limit implementation.

2025-04-10 09:23:12,589 WARN Tps point for NamingServiceSubscribe registered, But tps control manager is no limit implementation.

2025-04-10 09:24:29,435 INFO No tps control rule of NAMING_RPC_PUSH found,content =null  

2025-04-10 09:24:29,436 WARN Tps point for NAMING_RPC_PUSH registered, But tps control manager is no limit implementation.

2025-04-10 09:24:29,437 INFO No tps control rule of NAMING_RPC_PUSH_SUCCESS found,content =null  

2025-04-10 09:24:29,437 WARN Tps point for NAMING_RPC_PUSH_SUCCESS registered, But tps control manager is no limit implementation.

2025-04-10 09:24:29,437 INFO No tps control rule of NAMING_RPC_PUSH_FAIL found,content =null  

2025-04-10 09:24:29,438 WARN Tps point for NAMING_RPC_PUSH_FAIL registered, But tps control manager is no limit implementation.

2025-04-10 09:24:29,438 INFO No tps control rule of NAMING_UDP_PUSH found,content =null  

2025-04-10 09:24:29,438 WARN Tps point for NAMING_UDP_PUSH registered, But tps control manager is no limit implementation.

2025-04-10 09:24:29,438 INFO No tps control rule of NAMING_UDP_PUSH_SUCCESS found,content =null  

2025-04-10 09:24:29,439 WARN Tps point for NAMING_UDP_PUSH_SUCCESS registered, But tps control manager is no limit implementation.

2025-04-10 09:24:29,439 INFO No tps control rule of NAMING_UDP_PUSH_FAIL found,content =null  

2025-04-10 09:24:29,439 WARN Tps point for NAMING_UDP_PUSH_FAIL registered, But tps control manager is no limit implementation.

2025-04-10 09:24:29,440 INFO No tps control rule of NAMING_DISTRO_SYNC found,content =null  

2025-04-10 09:24:29,440 WARN Tps point for NAMING_DISTRO_SYNC registered, But tps control manager is no limit implementation.

2025-04-10 09:24:29,440 INFO No tps control rule of NAMING_DISTRO_SYNC_SUCCESS found,content =null  

2025-04-10 09:24:29,440 WARN Tps point for NAMING_DISTRO_SYNC_SUCCESS registered, But tps control manager is no limit implementation.

2025-04-10 09:24:29,441 INFO No tps control rule of NAMING_DISTRO_SYNC_FAIL found,content =null  

2025-04-10 09:24:29,441 WARN Tps point for NAMING_DISTRO_SYNC_FAIL registered, But tps control manager is no limit implementation.

2025-04-10 09:24:29,441 INFO No tps control rule of NAMING_DISTRO_VERIFY found,content =null  

2025-04-10 09:24:29,442 WARN Tps point for NAMING_DISTRO_VERIFY registered, But tps control manager is no limit implementation.

2025-04-10 09:24:29,442 INFO No tps control rule of NAMING_DISTRO_VERIFY_SUCCESS found,content =null  

2025-04-10 09:24:29,442 WARN Tps point for NAMING_DISTRO_VERIFY_SUCCESS registered, But tps control manager is no limit implementation.

2025-04-10 09:24:29,442 INFO No tps control rule of NAMING_DISTRO_VERIFY_FAIL found,content =null  

2025-04-10 09:24:29,443 WARN Tps point for NAMING_DISTRO_VERIFY_FAIL registered, But tps control manager is no limit implementation.

2025-04-10 16:47:48,431 INFO Not configure type of control plugin, no limit control for current node.

2025-04-10 16:47:48,434 INFO Load connection metrics collector,size=2,[com.alibaba.nacos.config.server.service.LongPollingConnectionMetricsCollector@71652c98, com.alibaba.nacos.core.remote.LongConnectionMetricsCollector@60b85ba1]

2025-04-10 16:47:48,437 INFO No connection rule content found ,use default empty rule 

2025-04-10 16:47:48,451 INFO No tps control rule of CONFIG_PUSH_COUNT found,content =null  

2025-04-10 16:47:48,452 WARN Tps point for CONFIG_PUSH_COUNT registered, But tps control manager is no limit implementation.

2025-04-10 16:47:48,452 INFO No tps control rule of CONFIG_PUSH_SUCCESS found,content =null  

2025-04-10 16:47:48,452 WARN Tps point for CONFIG_PUSH_SUCCESS registered, But tps control manager is no limit implementation.

2025-04-10 16:47:48,452 INFO No tps control rule of CONFIG_PUSH_FAIL found,content =null  

2025-04-10 16:47:48,453 WARN Tps point for CONFIG_PUSH_FAIL registered, But tps control manager is no limit implementation.

2025-04-10 16:47:51,152 INFO No tps control rule of ConfigQuery found,content =null  

2025-04-10 16:47:51,153 WARN Tps point for ConfigQuery registered, But tps control manager is no limit implementation.

2025-04-10 16:47:51,153 INFO No tps control rule of ClusterConfigChangeNotify found,content =null  

2025-04-10 16:47:51,154 WARN Tps point for ClusterConfigChangeNotify registered, But tps control manager is no limit implementation.

2025-04-10 16:47:51,161 INFO No tps control rule of ConfigListen found,content =null  

2025-04-10 16:47:51,161 WARN Tps point for ConfigListen registered, But tps control manager is no limit implementation.

2025-04-10 16:47:51,162 INFO No tps control rule of ConfigRemove found,content =null  

2025-04-10 16:47:51,162 WARN Tps point for ConfigRemove registered, But tps control manager is no limit implementation.

2025-04-10 16:47:51,163 INFO No tps control rule of ConfigPublish found,content =null  

2025-04-10 16:47:51,163 WARN Tps point for ConfigPublish registered, But tps control manager is no limit implementation.

2025-04-10 16:47:51,164 INFO No tps control rule of HealthCheck found,content =null  

2025-04-10 16:47:51,164 WARN Tps point for HealthCheck registered, But tps control manager is no limit implementation.

2025-04-10 16:47:51,164 INFO No tps control rule of RemoteNamingServiceQuery found,content =null  

2025-04-10 16:47:51,165 WARN Tps point for RemoteNamingServiceQuery registered, But tps control manager is no limit implementation.

2025-04-10 16:47:51,165 INFO No tps control rule of RemoteNamingInstanceBatchRegister found,content =null  

2025-04-10 16:47:51,166 WARN Tps point for RemoteNamingInstanceBatchRegister registered, But tps control manager is no limit implementation.

2025-04-10 16:47:51,166 INFO No tps control rule of RemoteNamingInstanceRegisterDeregister found,content =null  

2025-04-10 16:47:51,166 WARN Tps point for RemoteNamingInstanceRegisterDeregister registered, But tps control manager is no limit implementation.

2025-04-10 16:47:51,167 INFO No tps control rule of RemoteNamingServiceListQuery found,content =null  

2025-04-10 16:47:51,167 WARN Tps point for RemoteNamingServiceListQuery registered, But tps control manager is no limit implementation.

2025-04-10 16:47:51,168 INFO No tps control rule of RemoteNamingServiceSubscribeUnSubscribe found,content =null  

2025-04-10 16:47:51,168 WARN Tps point for RemoteNamingServiceSubscribeUnSubscribe registered, But tps control manager is no limit implementation.

2025-04-10 16:47:51,168 WARN Tps point for RemoteNamingInstanceRegisterDeregister registered, But tps control manager is no limit implementation.

2025-04-10 16:47:51,169 INFO No tps control rule of HttpHealthCheck found,content =null  

2025-04-10 16:47:51,169 WARN Tps point for HttpHealthCheck registered, But tps control manager is no limit implementation.

2025-04-10 16:47:51,170 INFO No tps control rule of NamingInstanceMetadataUpdate found,content =null  

2025-04-10 16:47:51,170 WARN Tps point for NamingInstanceMetadataUpdate registered, But tps control manager is no limit implementation.

2025-04-10 16:47:51,171 INFO No tps control rule of NamingServiceDeregister found,content =null  

2025-04-10 16:47:51,171 WARN Tps point for NamingServiceDeregister registered, But tps control manager is no limit implementation.

2025-04-10 16:47:51,171 INFO No tps control rule of NamingServiceRegister found,content =null  

2025-04-10 16:47:51,171 WARN Tps point for NamingServiceRegister registered, But tps control manager is no limit implementation.

2025-04-10 16:47:51,172 INFO No tps control rule of NamingInstanceUpdate found,content =null  

2025-04-10 16:47:51,172 WARN Tps point for NamingInstanceUpdate registered, But tps control manager is no limit implementation.

2025-04-10 16:47:51,172 INFO No tps control rule of NamingInstanceQuery found,content =null  

2025-04-10 16:47:51,172 WARN Tps point for NamingInstanceQuery registered, But tps control manager is no limit implementation.

2025-04-10 16:47:51,174 INFO No tps control rule of NamingInstanceDeregister found,content =null  

2025-04-10 16:47:51,174 WARN Tps point for NamingInstanceDeregister registered, But tps control manager is no limit implementation.

2025-04-10 16:47:51,174 INFO No tps control rule of NamingServiceListQuery found,content =null  

2025-04-10 16:47:51,175 WARN Tps point for NamingServiceListQuery registered, But tps control manager is no limit implementation.

2025-04-10 16:47:51,175 WARN Tps point for ConfigPublish registered, But tps control manager is no limit implementation.

2025-04-10 16:47:51,175 WARN Tps point for NamingServiceDeregister registered, But tps control manager is no limit implementation.

2025-04-10 16:47:51,176 WARN Tps point for NamingInstanceMetadataUpdate registered, But tps control manager is no limit implementation.

2025-04-10 16:47:51,176 WARN Tps point for NamingInstanceUpdate registered, But tps control manager is no limit implementation.

2025-04-10 16:47:51,176 WARN Tps point for NamingInstanceDeregister registered, But tps control manager is no limit implementation.

2025-04-10 16:47:51,176 WARN Tps point for NamingInstanceQuery registered, But tps control manager is no limit implementation.

2025-04-10 16:47:51,177 WARN Tps point for NamingServiceListQuery registered, But tps control manager is no limit implementation.

2025-04-10 16:47:51,177 WARN Tps point for ConfigQuery registered, But tps control manager is no limit implementation.

2025-04-10 16:47:51,177 WARN Tps point for HttpHealthCheck registered, But tps control manager is no limit implementation.

2025-04-10 16:47:51,177 INFO No tps control rule of NamingServiceQuery found,content =null  

2025-04-10 16:47:51,178 WARN Tps point for NamingServiceQuery registered, But tps control manager is no limit implementation.

2025-04-10 16:47:51,178 INFO No tps control rule of NamingInstanceRegister found,content =null  

2025-04-10 16:47:51,178 WARN Tps point for NamingInstanceRegister registered, But tps control manager is no limit implementation.

2025-04-10 16:47:51,179 INFO No tps control rule of NamingServiceSubscribe found,content =null  

2025-04-10 16:47:51,179 WARN Tps point for NamingServiceSubscribe registered, But tps control manager is no limit implementation.

2025-04-10 16:47:51,179 WARN Tps point for NamingInstanceRegister registered, But tps control manager is no limit implementation.

2025-04-10 16:47:51,180 WARN Tps point for NamingServiceQuery registered, But tps control manager is no limit implementation.

2025-04-10 16:47:51,180 INFO No tps control rule of NamingServiceUpdate found,content =null  

2025-04-10 16:47:51,180 WARN Tps point for NamingServiceUpdate registered, But tps control manager is no limit implementation.

2025-04-10 16:47:51,180 WARN Tps point for NamingServiceUpdate registered, But tps control manager is no limit implementation.

2025-04-10 16:47:51,181 WARN Tps point for NamingServiceRegister registered, But tps control manager is no limit implementation.

2025-04-10 16:47:51,181 WARN Tps point for NamingServiceSubscribe registered, But tps control manager is no limit implementation.

2025-04-10 16:47:51,181 WARN Tps point for NamingInstanceMetadataUpdate registered, But tps control manager is no limit implementation.

2025-04-10 16:47:51,181 WARN Tps point for NamingInstanceMetadataUpdate registered, But tps control manager is no limit implementation.

2025-04-10 17:08:46,673 INFO No tps control rule of NAMING_RPC_PUSH found,content =null  

2025-04-10 17:08:46,673 WARN Tps point for NAMING_RPC_PUSH registered, But tps control manager is no limit implementation.

2025-04-10 17:08:46,674 INFO No tps control rule of NAMING_RPC_PUSH_SUCCESS found,content =null  

2025-04-10 17:08:46,674 WARN Tps point for NAMING_RPC_PUSH_SUCCESS registered, But tps control manager is no limit implementation.

2025-04-10 17:08:46,675 INFO No tps control rule of NAMING_RPC_PUSH_FAIL found,content =null  

2025-04-10 17:08:46,675 WARN Tps point for NAMING_RPC_PUSH_FAIL registered, But tps control manager is no limit implementation.

2025-04-10 17:08:46,675 INFO No tps control rule of NAMING_UDP_PUSH found,content =null  

2025-04-10 17:08:46,676 WARN Tps point for NAMING_UDP_PUSH registered, But tps control manager is no limit implementation.

2025-04-10 17:08:46,677 INFO No tps control rule of NAMING_UDP_PUSH_SUCCESS found,content =null  

2025-04-10 17:08:46,677 WARN Tps point for NAMING_UDP_PUSH_SUCCESS registered, But tps control manager is no limit implementation.

2025-04-10 17:08:46,677 INFO No tps control rule of NAMING_UDP_PUSH_FAIL found,content =null  

2025-04-10 17:08:46,677 WARN Tps point for NAMING_UDP_PUSH_FAIL registered, But tps control manager is no limit implementation.

2025-04-10 17:08:46,678 INFO No tps control rule of NAMING_DISTRO_SYNC found,content =null  

2025-04-10 17:08:46,678 WARN Tps point for NAMING_DISTRO_SYNC registered, But tps control manager is no limit implementation.

2025-04-10 17:08:46,678 INFO No tps control rule of NAMING_DISTRO_SYNC_SUCCESS found,content =null  

2025-04-10 17:08:46,679 WARN Tps point for NAMING_DISTRO_SYNC_SUCCESS registered, But tps control manager is no limit implementation.

2025-04-10 17:08:46,679 INFO No tps control rule of NAMING_DISTRO_SYNC_FAIL found,content =null  

2025-04-10 17:08:46,680 WARN Tps point for NAMING_DISTRO_SYNC_FAIL registered, But tps control manager is no limit implementation.

2025-04-10 17:08:46,680 INFO No tps control rule of NAMING_DISTRO_VERIFY found,content =null  

2025-04-10 17:08:46,680 WARN Tps point for NAMING_DISTRO_VERIFY registered, But tps control manager is no limit implementation.

2025-04-10 17:08:46,681 INFO No tps control rule of NAMING_DISTRO_VERIFY_SUCCESS found,content =null  

2025-04-10 17:08:46,681 WARN Tps point for NAMING_DISTRO_VERIFY_SUCCESS registered, But tps control manager is no limit implementation.

2025-04-10 17:08:46,681 INFO No tps control rule of NAMING_DISTRO_VERIFY_FAIL found,content =null  

2025-04-10 17:08:46,681 WARN Tps point for NAMING_DISTRO_VERIFY_FAIL registered, But tps control manager is no limit implementation.

2025-04-10 17:48:50,337 INFO Not configure type of control plugin, no limit control for current node.

2025-04-10 17:48:50,341 INFO Load connection metrics collector,size=2,[com.alibaba.nacos.config.server.service.LongPollingConnectionMetricsCollector@22fa55b2, com.alibaba.nacos.core.remote.LongConnectionMetricsCollector@6594402a]

2025-04-10 17:48:50,344 INFO No connection rule content found ,use default empty rule 

2025-04-10 17:48:50,356 INFO No tps control rule of CONFIG_PUSH_COUNT found,content =null  

2025-04-10 17:48:50,357 WARN Tps point for CONFIG_PUSH_COUNT registered, But tps control manager is no limit implementation.

2025-04-10 17:48:50,357 INFO No tps control rule of CONFIG_PUSH_SUCCESS found,content =null  

2025-04-10 17:48:50,357 WARN Tps point for CONFIG_PUSH_SUCCESS registered, But tps control manager is no limit implementation.

2025-04-10 17:48:50,358 INFO No tps control rule of CONFIG_PUSH_FAIL found,content =null  

2025-04-10 17:48:50,358 WARN Tps point for CONFIG_PUSH_FAIL registered, But tps control manager is no limit implementation.

2025-04-10 17:48:53,429 INFO No tps control rule of ConfigQuery found,content =null  

2025-04-10 17:48:53,430 WARN Tps point for ConfigQuery registered, But tps control manager is no limit implementation.

2025-04-10 17:48:53,431 INFO No tps control rule of ClusterConfigChangeNotify found,content =null  

2025-04-10 17:48:53,432 WARN Tps point for ClusterConfigChangeNotify registered, But tps control manager is no limit implementation.

2025-04-10 17:48:53,444 INFO No tps control rule of ConfigListen found,content =null  

2025-04-10 17:48:53,444 WARN Tps point for ConfigListen registered, But tps control manager is no limit implementation.

2025-04-10 17:48:53,445 INFO No tps control rule of ConfigRemove found,content =null  

2025-04-10 17:48:53,446 WARN Tps point for ConfigRemove registered, But tps control manager is no limit implementation.

2025-04-10 17:48:53,447 INFO No tps control rule of ConfigPublish found,content =null  

2025-04-10 17:48:53,447 WARN Tps point for ConfigPublish registered, But tps control manager is no limit implementation.

2025-04-10 17:48:53,448 INFO No tps control rule of HealthCheck found,content =null  

2025-04-10 17:48:53,448 WARN Tps point for HealthCheck registered, But tps control manager is no limit implementation.

2025-04-10 17:48:53,449 INFO No tps control rule of RemoteNamingServiceQuery found,content =null  

2025-04-10 17:48:53,449 WARN Tps point for RemoteNamingServiceQuery registered, But tps control manager is no limit implementation.

2025-04-10 17:48:53,450 INFO No tps control rule of RemoteNamingInstanceBatchRegister found,content =null  

2025-04-10 17:48:53,450 WARN Tps point for RemoteNamingInstanceBatchRegister registered, But tps control manager is no limit implementation.

2025-04-10 17:48:53,450 INFO No tps control rule of RemoteNamingInstanceRegisterDeregister found,content =null  

2025-04-10 17:48:53,450 WARN Tps point for RemoteNamingInstanceRegisterDeregister registered, But tps control manager is no limit implementation.

2025-04-10 17:48:53,451 INFO No tps control rule of RemoteNamingServiceListQuery found,content =null  

2025-04-10 17:48:53,451 WARN Tps point for RemoteNamingServiceListQuery registered, But tps control manager is no limit implementation.

2025-04-10 17:48:53,452 INFO No tps control rule of RemoteNamingServiceSubscribeUnSubscribe found,content =null  

2025-04-10 17:48:53,452 WARN Tps point for RemoteNamingServiceSubscribeUnSubscribe registered, But tps control manager is no limit implementation.

2025-04-10 17:48:53,452 WARN Tps point for RemoteNamingInstanceRegisterDeregister registered, But tps control manager is no limit implementation.

2025-04-10 17:48:53,453 INFO No tps control rule of NamingInstanceRegister found,content =null  

2025-04-10 17:48:53,453 WARN Tps point for NamingInstanceRegister registered, But tps control manager is no limit implementation.

2025-04-10 17:48:53,454 INFO No tps control rule of NamingServiceUpdate found,content =null  

2025-04-10 17:48:53,454 WARN Tps point for NamingServiceUpdate registered, But tps control manager is no limit implementation.

2025-04-10 17:48:53,455 INFO No tps control rule of NamingInstanceQuery found,content =null  

2025-04-10 17:48:53,456 WARN Tps point for NamingInstanceQuery registered, But tps control manager is no limit implementation.

2025-04-10 17:48:53,458 INFO No tps control rule of NamingInstanceUpdate found,content =null  

2025-04-10 17:48:53,458 WARN Tps point for NamingInstanceUpdate registered, But tps control manager is no limit implementation.

2025-04-10 17:48:53,458 WARN Tps point for NamingInstanceRegister registered, But tps control manager is no limit implementation.

2025-04-10 17:48:53,459 INFO No tps control rule of NamingInstanceMetadataUpdate found,content =null  

2025-04-10 17:48:53,459 WARN Tps point for NamingInstanceMetadataUpdate registered, But tps control manager is no limit implementation.

2025-04-10 17:48:53,459 INFO No tps control rule of NamingServiceListQuery found,content =null  

2025-04-10 17:48:53,460 WARN Tps point for NamingServiceListQuery registered, But tps control manager is no limit implementation.

2025-04-10 17:48:53,460 INFO No tps control rule of HttpHealthCheck found,content =null  

2025-04-10 17:48:53,460 WARN Tps point for HttpHealthCheck registered, But tps control manager is no limit implementation.

2025-04-10 17:48:53,460 WARN Tps point for HttpHealthCheck registered, But tps control manager is no limit implementation.

2025-04-10 17:48:53,461 WARN Tps point for NamingInstanceUpdate registered, But tps control manager is no limit implementation.

2025-04-10 17:48:53,461 INFO No tps control rule of NamingInstanceDeregister found,content =null  

2025-04-10 17:48:53,461 WARN Tps point for NamingInstanceDeregister registered, But tps control manager is no limit implementation.

2025-04-10 17:48:53,462 INFO No tps control rule of NamingServiceQuery found,content =null  

2025-04-10 17:48:53,462 WARN Tps point for NamingServiceQuery registered, But tps control manager is no limit implementation.

2025-04-10 17:48:53,462 INFO No tps control rule of NamingServiceSubscribe found,content =null  

2025-04-10 17:48:53,463 WARN Tps point for NamingServiceSubscribe registered, But tps control manager is no limit implementation.

2025-04-10 17:48:53,463 INFO No tps control rule of NamingServiceRegister found,content =null  

2025-04-10 17:48:53,463 WARN Tps point for NamingServiceRegister registered, But tps control manager is no limit implementation.

2025-04-10 17:48:53,463 WARN Tps point for NamingServiceUpdate registered, But tps control manager is no limit implementation.

2025-04-10 17:48:53,463 WARN Tps point for NamingInstanceDeregister registered, But tps control manager is no limit implementation.

2025-04-10 17:48:53,464 WARN Tps point for NamingServiceQuery registered, But tps control manager is no limit implementation.

2025-04-10 17:48:53,464 WARN Tps point for NamingServiceSubscribe registered, But tps control manager is no limit implementation.

2025-04-10 17:48:53,465 INFO No tps control rule of NamingServiceDeregister found,content =null  

2025-04-10 17:48:53,465 WARN Tps point for NamingServiceDeregister registered, But tps control manager is no limit implementation.

2025-04-10 17:48:53,466 WARN Tps point for NamingServiceRegister registered, But tps control manager is no limit implementation.

2025-04-10 17:48:53,466 WARN Tps point for ConfigPublish registered, But tps control manager is no limit implementation.

2025-04-10 17:48:53,467 WARN Tps point for NamingInstanceMetadataUpdate registered, But tps control manager is no limit implementation.

2025-04-10 17:48:53,467 WARN Tps point for NamingInstanceQuery registered, But tps control manager is no limit implementation.

2025-04-10 17:48:53,467 WARN Tps point for NamingInstanceMetadataUpdate registered, But tps control manager is no limit implementation.

2025-04-10 17:48:53,467 WARN Tps point for NamingServiceDeregister registered, But tps control manager is no limit implementation.

2025-04-10 17:48:53,468 WARN Tps point for ConfigQuery registered, But tps control manager is no limit implementation.

2025-04-10 17:48:53,468 WARN Tps point for NamingServiceListQuery registered, But tps control manager is no limit implementation.

2025-04-10 17:48:53,468 WARN Tps point for NamingInstanceMetadataUpdate registered, But tps control manager is no limit implementation.

2025-04-10 17:49:10,178 INFO No tps control rule of NAMING_RPC_PUSH found,content =null  

2025-04-10 17:49:10,179 WARN Tps point for NAMING_RPC_PUSH registered, But tps control manager is no limit implementation.

2025-04-10 17:49:10,180 INFO No tps control rule of NAMING_RPC_PUSH_SUCCESS found,content =null  

2025-04-10 17:49:10,180 WARN Tps point for NAMING_RPC_PUSH_SUCCESS registered, But tps control manager is no limit implementation.

2025-04-10 17:49:10,180 INFO No tps control rule of NAMING_RPC_PUSH_FAIL found,content =null  

2025-04-10 17:49:10,181 WARN Tps point for NAMING_RPC_PUSH_FAIL registered, But tps control manager is no limit implementation.

2025-04-10 17:49:10,181 INFO No tps control rule of NAMING_UDP_PUSH found,content =null  

2025-04-10 17:49:10,181 WARN Tps point for NAMING_UDP_PUSH registered, But tps control manager is no limit implementation.

2025-04-10 17:49:10,182 INFO No tps control rule of NAMING_UDP_PUSH_SUCCESS found,content =null  

2025-04-10 17:49:10,182 WARN Tps point for NAMING_UDP_PUSH_SUCCESS registered, But tps control manager is no limit implementation.

2025-04-10 17:49:10,182 INFO No tps control rule of NAMING_UDP_PUSH_FAIL found,content =null  

2025-04-10 17:49:10,183 WARN Tps point for NAMING_UDP_PUSH_FAIL registered, But tps control manager is no limit implementation.

2025-04-10 17:49:10,183 INFO No tps control rule of NAMING_DISTRO_SYNC found,content =null  

2025-04-10 17:49:10,183 WARN Tps point for NAMING_DISTRO_SYNC registered, But tps control manager is no limit implementation.

2025-04-10 17:49:10,183 INFO No tps control rule of NAMING_DISTRO_SYNC_SUCCESS found,content =null  

2025-04-10 17:49:10,184 WARN Tps point for NAMING_DISTRO_SYNC_SUCCESS registered, But tps control manager is no limit implementation.

2025-04-10 17:49:10,184 INFO No tps control rule of NAMING_DISTRO_SYNC_FAIL found,content =null  

2025-04-10 17:49:10,184 WARN Tps point for NAMING_DISTRO_SYNC_FAIL registered, But tps control manager is no limit implementation.

2025-04-10 17:49:10,186 INFO No tps control rule of NAMING_DISTRO_VERIFY found,content =null  

2025-04-10 17:49:10,186 WARN Tps point for NAMING_DISTRO_VERIFY registered, But tps control manager is no limit implementation.

2025-04-10 17:49:10,187 INFO No tps control rule of NAMING_DISTRO_VERIFY_SUCCESS found,content =null  

2025-04-10 17:49:10,187 WARN Tps point for NAMING_DISTRO_VERIFY_SUCCESS registered, But tps control manager is no limit implementation.

2025-04-10 17:49:10,188 INFO No tps control rule of NAMING_DISTRO_VERIFY_FAIL found,content =null  

2025-04-10 17:49:10,188 WARN Tps point for NAMING_DISTRO_VERIFY_FAIL registered, But tps control manager is no limit implementation.

2025-04-10 19:44:16,330 INFO Not configure type of control plugin, no limit control for current node.

2025-04-10 19:44:16,333 INFO Load connection metrics collector,size=2,[com.alibaba.nacos.config.server.service.LongPollingConnectionMetricsCollector@41c07648, com.alibaba.nacos.core.remote.LongConnectionMetricsCollector@781e7326]

2025-04-10 19:44:16,334 INFO No connection rule content found ,use default empty rule 

2025-04-10 19:44:16,347 INFO No tps control rule of CONFIG_PUSH_COUNT found,content =null  

2025-04-10 19:44:16,348 WARN Tps point for CONFIG_PUSH_COUNT registered, But tps control manager is no limit implementation.

2025-04-10 19:44:16,348 INFO No tps control rule of CONFIG_PUSH_SUCCESS found,content =null  

2025-04-10 19:44:16,348 WARN Tps point for CONFIG_PUSH_SUCCESS registered, But tps control manager is no limit implementation.

2025-04-10 19:44:16,349 INFO No tps control rule of CONFIG_PUSH_FAIL found,content =null  

2025-04-10 19:44:16,350 WARN Tps point for CONFIG_PUSH_FAIL registered, But tps control manager is no limit implementation.

2025-04-10 19:44:19,303 INFO No tps control rule of ConfigQuery found,content =null  

2025-04-10 19:44:19,304 WARN Tps point for ConfigQuery registered, But tps control manager is no limit implementation.

2025-04-10 19:44:19,304 INFO No tps control rule of ClusterConfigChangeNotify found,content =null  

2025-04-10 19:44:19,305 WARN Tps point for ClusterConfigChangeNotify registered, But tps control manager is no limit implementation.

2025-04-10 19:44:19,316 INFO No tps control rule of ConfigListen found,content =null  

2025-04-10 19:44:19,316 WARN Tps point for ConfigListen registered, But tps control manager is no limit implementation.

2025-04-10 19:44:19,317 INFO No tps control rule of ConfigRemove found,content =null  

2025-04-10 19:44:19,318 WARN Tps point for ConfigRemove registered, But tps control manager is no limit implementation.

2025-04-10 19:44:19,318 INFO No tps control rule of ConfigPublish found,content =null  

2025-04-10 19:44:19,319 WARN Tps point for ConfigPublish registered, But tps control manager is no limit implementation.

2025-04-10 19:44:19,319 INFO No tps control rule of HealthCheck found,content =null  

2025-04-10 19:44:19,320 WARN Tps point for HealthCheck registered, But tps control manager is no limit implementation.

2025-04-10 19:44:19,320 INFO No tps control rule of RemoteNamingServiceQuery found,content =null  

2025-04-10 19:44:19,321 WARN Tps point for RemoteNamingServiceQuery registered, But tps control manager is no limit implementation.

2025-04-10 19:44:19,321 INFO No tps control rule of RemoteNamingInstanceBatchRegister found,content =null  

2025-04-10 19:44:19,321 WARN Tps point for RemoteNamingInstanceBatchRegister registered, But tps control manager is no limit implementation.

2025-04-10 19:44:19,322 INFO No tps control rule of RemoteNamingInstanceRegisterDeregister found,content =null  

2025-04-10 19:44:19,322 WARN Tps point for RemoteNamingInstanceRegisterDeregister registered, But tps control manager is no limit implementation.

2025-04-10 19:44:19,323 INFO No tps control rule of RemoteNamingServiceListQuery found,content =null  

2025-04-10 19:44:19,323 WARN Tps point for RemoteNamingServiceListQuery registered, But tps control manager is no limit implementation.

2025-04-10 19:44:19,323 INFO No tps control rule of RemoteNamingServiceSubscribeUnSubscribe found,content =null  

2025-04-10 19:44:19,324 WARN Tps point for RemoteNamingServiceSubscribeUnSubscribe registered, But tps control manager is no limit implementation.

2025-04-10 19:44:19,324 WARN Tps point for RemoteNamingInstanceRegisterDeregister registered, But tps control manager is no limit implementation.

2025-04-10 19:44:19,326 INFO No tps control rule of NamingInstanceQuery found,content =null  

2025-04-10 19:44:19,326 WARN Tps point for NamingInstanceQuery registered, But tps control manager is no limit implementation.

2025-04-10 19:44:19,327 INFO No tps control rule of NamingServiceListQuery found,content =null  

2025-04-10 19:44:19,327 WARN Tps point for NamingServiceListQuery registered, But tps control manager is no limit implementation.

2025-04-10 19:44:19,327 INFO No tps control rule of NamingInstanceUpdate found,content =null  

2025-04-10 19:44:19,328 WARN Tps point for NamingInstanceUpdate registered, But tps control manager is no limit implementation.

2025-04-10 19:44:19,328 INFO No tps control rule of NamingInstanceDeregister found,content =null  

2025-04-10 19:44:19,328 WARN Tps point for NamingInstanceDeregister registered, But tps control manager is no limit implementation.

2025-04-10 19:44:19,329 INFO No tps control rule of NamingInstanceMetadataUpdate found,content =null  

2025-04-10 19:44:19,329 WARN Tps point for NamingInstanceMetadataUpdate registered, But tps control manager is no limit implementation.

2025-04-10 19:44:19,329 INFO No tps control rule of NamingServiceQuery found,content =null  

2025-04-10 19:44:19,330 WARN Tps point for NamingServiceQuery registered, But tps control manager is no limit implementation.

2025-04-10 19:44:19,330 INFO No tps control rule of NamingServiceUpdate found,content =null  

2025-04-10 19:44:19,330 WARN Tps point for NamingServiceUpdate registered, But tps control manager is no limit implementation.

2025-04-10 19:44:19,331 INFO No tps control rule of NamingInstanceRegister found,content =null  

2025-04-10 19:44:19,331 WARN Tps point for NamingInstanceRegister registered, But tps control manager is no limit implementation.

2025-04-10 19:44:19,331 WARN Tps point for NamingInstanceUpdate registered, But tps control manager is no limit implementation.

2025-04-10 19:44:19,332 WARN Tps point for NamingInstanceDeregister registered, But tps control manager is no limit implementation.

2025-04-10 19:44:19,332 INFO No tps control rule of NamingServiceRegister found,content =null  

2025-04-10 19:44:19,333 WARN Tps point for NamingServiceRegister registered, But tps control manager is no limit implementation.

2025-04-10 19:44:19,333 INFO No tps control rule of NamingServiceDeregister found,content =null  

2025-04-10 19:44:19,333 WARN Tps point for NamingServiceDeregister registered, But tps control manager is no limit implementation.

2025-04-10 19:44:19,334 WARN Tps point for ConfigQuery registered, But tps control manager is no limit implementation.

2025-04-10 19:44:19,334 WARN Tps point for NamingInstanceMetadataUpdate registered, But tps control manager is no limit implementation.

2025-04-10 19:44:19,334 INFO No tps control rule of HttpHealthCheck found,content =null  

2025-04-10 19:44:19,335 WARN Tps point for HttpHealthCheck registered, But tps control manager is no limit implementation.

2025-04-10 19:44:19,335 WARN Tps point for ConfigPublish registered, But tps control manager is no limit implementation.

2025-04-10 19:44:19,335 WARN Tps point for NamingServiceQuery registered, But tps control manager is no limit implementation.

2025-04-10 19:44:19,336 INFO No tps control rule of NamingServiceSubscribe found,content =null  

2025-04-10 19:44:19,336 WARN Tps point for NamingServiceSubscribe registered, But tps control manager is no limit implementation.

2025-04-10 19:44:19,337 WARN Tps point for NamingServiceSubscribe registered, But tps control manager is no limit implementation.

2025-04-10 19:44:19,337 WARN Tps point for NamingInstanceMetadataUpdate registered, But tps control manager is no limit implementation.

2025-04-10 19:44:19,338 WARN Tps point for NamingServiceRegister registered, But tps control manager is no limit implementation.

2025-04-10 19:44:19,338 WARN Tps point for HttpHealthCheck registered, But tps control manager is no limit implementation.

2025-04-10 19:44:19,338 WARN Tps point for NamingInstanceRegister registered, But tps control manager is no limit implementation.

2025-04-10 19:44:19,338 WARN Tps point for NamingInstanceMetadataUpdate registered, But tps control manager is no limit implementation.

2025-04-10 19:44:19,339 WARN Tps point for NamingServiceListQuery registered, But tps control manager is no limit implementation.

2025-04-10 19:44:19,339 WARN Tps point for NamingServiceUpdate registered, But tps control manager is no limit implementation.

2025-04-10 19:44:19,339 WARN Tps point for NamingInstanceQuery registered, But tps control manager is no limit implementation.

2025-04-10 19:44:19,340 WARN Tps point for NamingServiceDeregister registered, But tps control manager is no limit implementation.

2025-04-10 19:44:54,415 INFO No tps control rule of NAMING_RPC_PUSH found,content =null  

2025-04-10 19:44:54,415 WARN Tps point for NAMING_RPC_PUSH registered, But tps control manager is no limit implementation.

2025-04-10 19:44:54,416 INFO No tps control rule of NAMING_RPC_PUSH_SUCCESS found,content =null  

2025-04-10 19:44:54,416 WARN Tps point for NAMING_RPC_PUSH_SUCCESS registered, But tps control manager is no limit implementation.

2025-04-10 19:44:54,416 INFO No tps control rule of NAMING_RPC_PUSH_FAIL found,content =null  

2025-04-10 19:44:54,416 WARN Tps point for NAMING_RPC_PUSH_FAIL registered, But tps control manager is no limit implementation.

2025-04-10 19:44:54,416 INFO No tps control rule of NAMING_UDP_PUSH found,content =null  

2025-04-10 19:44:54,417 WARN Tps point for NAMING_UDP_PUSH registered, But tps control manager is no limit implementation.

2025-04-10 19:44:54,417 INFO No tps control rule of NAMING_UDP_PUSH_SUCCESS found,content =null  

2025-04-10 19:44:54,417 WARN Tps point for NAMING_UDP_PUSH_SUCCESS registered, But tps control manager is no limit implementation.

2025-04-10 19:44:54,417 INFO No tps control rule of NAMING_UDP_PUSH_FAIL found,content =null  

2025-04-10 19:44:54,417 WARN Tps point for NAMING_UDP_PUSH_FAIL registered, But tps control manager is no limit implementation.

2025-04-10 19:44:54,417 INFO No tps control rule of NAMING_DISTRO_SYNC found,content =null  

2025-04-10 19:44:54,418 WARN Tps point for NAMING_DISTRO_SYNC registered, But tps control manager is no limit implementation.

2025-04-10 19:44:54,418 INFO No tps control rule of NAMING_DISTRO_SYNC_SUCCESS found,content =null  

2025-04-10 19:44:54,418 WARN Tps point for NAMING_DISTRO_SYNC_SUCCESS registered, But tps control manager is no limit implementation.

2025-04-10 19:44:54,418 INFO No tps control rule of NAMING_DISTRO_SYNC_FAIL found,content =null  

2025-04-10 19:44:54,418 WARN Tps point for NAMING_DISTRO_SYNC_FAIL registered, But tps control manager is no limit implementation.

2025-04-10 19:44:54,419 INFO No tps control rule of NAMING_DISTRO_VERIFY found,content =null  

2025-04-10 19:44:54,419 WARN Tps point for NAMING_DISTRO_VERIFY registered, But tps control manager is no limit implementation.

2025-04-10 19:44:54,419 INFO No tps control rule of NAMING_DISTRO_VERIFY_SUCCESS found,content =null  

2025-04-10 19:44:54,419 WARN Tps point for NAMING_DISTRO_VERIFY_SUCCESS registered, But tps control manager is no limit implementation.

2025-04-10 19:44:54,419 INFO No tps control rule of NAMING_DISTRO_VERIFY_FAIL found,content =null  

2025-04-10 19:44:54,419 WARN Tps point for NAMING_DISTRO_VERIFY_FAIL registered, But tps control manager is no limit implementation.

