2025-04-10 09:23:05,350 INFO [ClientConnectionEventListenerRegistry] registry listener - ConnectionBasedClientManager

2025-04-10 09:23:08,235 INFO [ClientConnectionEventListenerRegistry] registry listener - ConfigConnectionEventListener

2025-04-10 09:23:08,276 INFO Nacos GrpcSdkServer Rpc server starting at port 9848

2025-04-10 09:23:08,612 INFO Load ProtocolNegotiatorBuilder com.alibaba.nacos.core.remote.grpc.negotiator.tls.SdkDefaultTlsProtocolNegotiatorBuilder for type DEFAULT_TLS

2025-04-10 09:23:08,613 INFO Load ProtocolNegotiatorBuilder com.alibaba.nacos.core.remote.grpc.negotiator.tls.ClusterDefaultTlsProtocolNegotiatorBuilder for type CLUSTER_DEFAULT_TLS

2025-04-10 09:23:08,615 WARN Not found ProtocolNegotiatorBuilder for type nacos.remote.server.rpc.protocol.negotiator.type, will use default type nacos.remote.server.rpc.protocol.negotiator.type

2025-04-10 09:23:08,620 WARN Recommended use 'nacos.remote.server.grpc.sdk.max-inbound-message-size' property instead 'nacos.remote.server.grpc.maxinbound.message.size', now property value is 10485760

2025-04-10 09:23:08,800 INFO Ssl Context auto refresh is not supported.

2025-04-10 09:23:08,801 INFO Ssl Context auto refresh is not supported.

2025-04-10 09:23:08,802 INFO RpcServerSslContextRefresher initialization completed.

2025-04-10 09:23:08,803 INFO Nacos GrpcSdkServer Rpc server started at port 9848

2025-04-10 09:23:08,806 INFO Nacos GrpcClusterServer Rpc server starting at port 9849

2025-04-10 09:23:08,808 WARN Not found ProtocolNegotiatorBuilder for type nacos.remote.cluster.server.rpc.protocol.negotiator.type, will use default type nacos.remote.cluster.server.rpc.protocol.negotiator.type

2025-04-10 09:23:08,810 WARN Recommended use 'nacos.remote.server.grpc.cluster.max-inbound-message-size' property instead 'nacos.remote.server.grpc.maxinbound.message.size', now property value is 10485760

2025-04-10 09:23:08,813 INFO Nacos GrpcClusterServer Rpc server started at port 9849

2025-04-10 09:23:08,856 INFO [ClientConnectionEventListenerRegistry] registry listener - RpcAckCallbackInitorOrCleaner

2025-04-10 11:31:31,215 INFO Nacos GrpcSdkServer Rpc server stopping

2025-04-10 11:31:31,217 INFO Nacos GrpcClusterServer Rpc server stopping

2025-04-10 11:31:31,264 INFO Nacos GrpcClusterServer Rpc server stopped successfully...

2025-04-10 11:31:31,264 INFO Nacos GrpcSdkServer Rpc server stopped successfully...

2025-04-10 16:47:45,641 INFO [ClientConnectionEventListenerRegistry] registry listener - ConnectionBasedClientManager

2025-04-10 16:47:48,455 INFO [ClientConnectionEventListenerRegistry] registry listener - ConfigConnectionEventListener

2025-04-10 16:47:48,489 INFO Nacos GrpcSdkServer Rpc server starting at port 9848

2025-04-10 16:47:48,695 INFO Load ProtocolNegotiatorBuilder com.alibaba.nacos.core.remote.grpc.negotiator.tls.SdkDefaultTlsProtocolNegotiatorBuilder for type DEFAULT_TLS

2025-04-10 16:47:48,695 INFO Load ProtocolNegotiatorBuilder com.alibaba.nacos.core.remote.grpc.negotiator.tls.ClusterDefaultTlsProtocolNegotiatorBuilder for type CLUSTER_DEFAULT_TLS

2025-04-10 16:47:48,696 WARN Not found ProtocolNegotiatorBuilder for type nacos.remote.server.rpc.protocol.negotiator.type, will use default type nacos.remote.server.rpc.protocol.negotiator.type

2025-04-10 16:47:48,701 WARN Recommended use 'nacos.remote.server.grpc.sdk.max-inbound-message-size' property instead 'nacos.remote.server.grpc.maxinbound.message.size', now property value is 10485760

2025-04-10 16:47:48,827 INFO Ssl Context auto refresh is not supported.

2025-04-10 16:47:48,829 INFO Ssl Context auto refresh is not supported.

2025-04-10 16:47:48,829 INFO RpcServerSslContextRefresher initialization completed.

2025-04-10 16:47:48,829 INFO Nacos GrpcSdkServer Rpc server started at port 9848

2025-04-10 16:47:48,833 INFO Nacos GrpcClusterServer Rpc server starting at port 9849

2025-04-10 16:47:48,835 WARN Not found ProtocolNegotiatorBuilder for type nacos.remote.cluster.server.rpc.protocol.negotiator.type, will use default type nacos.remote.cluster.server.rpc.protocol.negotiator.type

2025-04-10 16:47:48,836 WARN Recommended use 'nacos.remote.server.grpc.cluster.max-inbound-message-size' property instead 'nacos.remote.server.grpc.maxinbound.message.size', now property value is 10485760

2025-04-10 16:47:48,838 INFO Nacos GrpcClusterServer Rpc server started at port 9849

2025-04-10 16:47:48,862 INFO [ClientConnectionEventListenerRegistry] registry listener - RpcAckCallbackInitorOrCleaner

2025-04-10 17:47:07,500 INFO Nacos GrpcSdkServer Rpc server stopping

2025-04-10 17:47:07,500 INFO Nacos GrpcClusterServer Rpc server stopping

2025-04-10 17:47:07,537 INFO Nacos GrpcClusterServer Rpc server stopped successfully...

2025-04-10 17:47:07,537 INFO Nacos GrpcSdkServer Rpc server stopped successfully...

2025-04-10 17:48:47,433 INFO [ClientConnectionEventListenerRegistry] registry listener - ConnectionBasedClientManager

2025-04-10 17:48:50,360 INFO [ClientConnectionEventListenerRegistry] registry listener - ConfigConnectionEventListener

2025-04-10 17:48:50,389 INFO Nacos GrpcSdkServer Rpc server starting at port 9848

2025-04-10 17:48:50,548 INFO Load ProtocolNegotiatorBuilder com.alibaba.nacos.core.remote.grpc.negotiator.tls.SdkDefaultTlsProtocolNegotiatorBuilder for type DEFAULT_TLS

2025-04-10 17:48:50,548 INFO Load ProtocolNegotiatorBuilder com.alibaba.nacos.core.remote.grpc.negotiator.tls.ClusterDefaultTlsProtocolNegotiatorBuilder for type CLUSTER_DEFAULT_TLS

2025-04-10 17:48:50,549 WARN Not found ProtocolNegotiatorBuilder for type nacos.remote.server.rpc.protocol.negotiator.type, will use default type nacos.remote.server.rpc.protocol.negotiator.type

2025-04-10 17:48:50,553 WARN Recommended use 'nacos.remote.server.grpc.sdk.max-inbound-message-size' property instead 'nacos.remote.server.grpc.maxinbound.message.size', now property value is 10485760

2025-04-10 17:48:50,665 INFO Ssl Context auto refresh is not supported.

2025-04-10 17:48:50,666 INFO Ssl Context auto refresh is not supported.

2025-04-10 17:48:50,666 INFO RpcServerSslContextRefresher initialization completed.

2025-04-10 17:48:50,666 INFO Nacos GrpcSdkServer Rpc server started at port 9848

2025-04-10 17:48:50,669 INFO Nacos GrpcClusterServer Rpc server starting at port 9849

2025-04-10 17:48:50,670 WARN Not found ProtocolNegotiatorBuilder for type nacos.remote.cluster.server.rpc.protocol.negotiator.type, will use default type nacos.remote.cluster.server.rpc.protocol.negotiator.type

2025-04-10 17:48:50,671 WARN Recommended use 'nacos.remote.server.grpc.cluster.max-inbound-message-size' property instead 'nacos.remote.server.grpc.maxinbound.message.size', now property value is 10485760

2025-04-10 17:48:50,674 INFO Nacos GrpcClusterServer Rpc server started at port 9849

2025-04-10 17:48:50,699 INFO [ClientConnectionEventListenerRegistry] registry listener - RpcAckCallbackInitorOrCleaner

2025-04-10 19:16:53,722 INFO Nacos GrpcSdkServer Rpc server stopping

2025-04-10 19:16:53,724 INFO Nacos GrpcClusterServer Rpc server stopping

2025-04-10 19:16:53,816 INFO Nacos GrpcClusterServer Rpc server stopped successfully...

2025-04-10 19:16:53,816 INFO Nacos GrpcSdkServer Rpc server stopped successfully...

2025-04-10 19:44:13,305 INFO [ClientConnectionEventListenerRegistry] registry listener - ConnectionBasedClientManager

2025-04-10 19:44:16,352 INFO [ClientConnectionEventListenerRegistry] registry listener - ConfigConnectionEventListener

2025-04-10 19:44:16,378 INFO Nacos GrpcSdkServer Rpc server starting at port 9848

2025-04-10 19:44:16,568 INFO Load ProtocolNegotiatorBuilder com.alibaba.nacos.core.remote.grpc.negotiator.tls.SdkDefaultTlsProtocolNegotiatorBuilder for type DEFAULT_TLS

2025-04-10 19:44:16,569 INFO Load ProtocolNegotiatorBuilder com.alibaba.nacos.core.remote.grpc.negotiator.tls.ClusterDefaultTlsProtocolNegotiatorBuilder for type CLUSTER_DEFAULT_TLS

2025-04-10 19:44:16,569 WARN Not found ProtocolNegotiatorBuilder for type nacos.remote.server.rpc.protocol.negotiator.type, will use default type nacos.remote.server.rpc.protocol.negotiator.type

2025-04-10 19:44:16,573 WARN Recommended use 'nacos.remote.server.grpc.sdk.max-inbound-message-size' property instead 'nacos.remote.server.grpc.maxinbound.message.size', now property value is 10485760

2025-04-10 19:44:16,699 INFO Ssl Context auto refresh is not supported.

2025-04-10 19:44:16,700 INFO Ssl Context auto refresh is not supported.

2025-04-10 19:44:16,701 INFO RpcServerSslContextRefresher initialization completed.

2025-04-10 19:44:16,701 INFO Nacos GrpcSdkServer Rpc server started at port 9848

2025-04-10 19:44:16,704 INFO Nacos GrpcClusterServer Rpc server starting at port 9849

2025-04-10 19:44:16,706 WARN Not found ProtocolNegotiatorBuilder for type nacos.remote.cluster.server.rpc.protocol.negotiator.type, will use default type nacos.remote.cluster.server.rpc.protocol.negotiator.type

2025-04-10 19:44:16,707 WARN Recommended use 'nacos.remote.server.grpc.cluster.max-inbound-message-size' property instead 'nacos.remote.server.grpc.maxinbound.message.size', now property value is 10485760

2025-04-10 19:44:16,710 INFO Nacos GrpcClusterServer Rpc server started at port 9849

2025-04-10 19:44:16,756 INFO [ClientConnectionEventListenerRegistry] registry listener - RpcAckCallbackInitorOrCleaner

2025-04-10 20:29:35,372 INFO Nacos GrpcSdkServer Rpc server stopping

2025-04-10 20:29:35,377 INFO Nacos GrpcClusterServer Rpc server stopping

2025-04-10 20:29:35,441 INFO Nacos GrpcClusterServer Rpc server stopped successfully...

2025-04-10 20:29:35,441 INFO Nacos GrpcSdkServer Rpc server stopped successfully...

